<?xml version="1.0" encoding="UTF-8"?>
<robot generator="Robot 2.9 (Jython 2.7.0 on java1.8.0_60)" generated="20150910 23:09:37.382">
<suite source="C:\Users\HP Laptop\Documents\GitHub\tic-tac-toe\acceptance\TicTacToeTests.txt" name="TicTacToeTests" id="s1">
<test name="Win Diagonally as X" id="s1-t1">
<kw library="TicTacToeKeywords" name="Start New Game">
<status endtime="20150910 23:09:38.138" starttime="20150910 23:09:38.125" status="PASS"></status>
</kw>
<kw library="TicTacToeKeywords" name="Mark Location">
<arguments>
<arg>1</arg>
<arg>1</arg>
</arguments>
<status endtime="20150910 23:09:38.191" starttime="20150910 23:09:38.184" status="PASS"></status>
</kw>
<kw name="Check Location">
<arguments>
<arg>1</arg>
<arg>1</arg>
<arg>X</arg>
</arguments>
<kw library="TicTacToeKeywords" name="Get Mark">
<arguments>
<arg>${row}</arg>
<arg>${col}</arg>
</arguments>
<assign>
<var>${m}</var>
</assign>
<msg level="INFO" timestamp="20150910 23:09:38.214">${m} = X</msg>
<status endtime="20150910 23:09:38.215" starttime="20150910 23:09:38.205" status="PASS"></status>
</kw>
<kw library="BuiltIn" name="Should Be Equal">
<doc>Fails if the given objects are unequal.</doc>
<arguments>
<arg>${m}</arg>
<arg>${mark}</arg>
</arguments>
<status endtime="20150910 23:09:38.226" starttime="20150910 23:09:38.217" status="PASS"></status>
</kw>
<status endtime="20150910 23:09:38.230" starttime="20150910 23:09:38.194" status="PASS"></status>
</kw>
<kw library="TicTacToeKeywords" name="Mark Location">
<arguments>
<arg>0</arg>
<arg>1</arg>
</arguments>
<status endtime="20150910 23:09:38.239" starttime="20150910 23:09:38.233" status="PASS"></status>
</kw>
<kw name="Check Location">
<arguments>
<arg>0</arg>
<arg>1</arg>
<arg>O</arg>
</arguments>
<kw library="TicTacToeKeywords" name="Get Mark">
<arguments>
<arg>${row}</arg>
<arg>${col}</arg>
</arguments>
<assign>
<var>${m}</var>
</assign>
<msg level="INFO" timestamp="20150910 23:09:38.262">${m} = O</msg>
<status endtime="20150910 23:09:38.263" starttime="20150910 23:09:38.255" status="PASS"></status>
</kw>
<kw library="BuiltIn" name="Should Be Equal">
<doc>Fails if the given objects are unequal.</doc>
<arguments>
<arg>${m}</arg>
<arg>${mark}</arg>
</arguments>
<status endtime="20150910 23:09:38.274" starttime="20150910 23:09:38.265" status="PASS"></status>
</kw>
<status endtime="20150910 23:09:38.276" starttime="20150910 23:09:38.245" status="PASS"></status>
</kw>
<kw library="TicTacToeKeywords" name="Mark Location">
<arguments>
<arg>0</arg>
<arg>0</arg>
</arguments>
<status endtime="20150910 23:09:38.284" starttime="20150910 23:09:38.279" status="PASS"></status>
</kw>
<kw name="Check Location">
<arguments>
<arg>0</arg>
<arg>0</arg>
<arg>X</arg>
</arguments>
<kw library="TicTacToeKeywords" name="Get Mark">
<arguments>
<arg>${row}</arg>
<arg>${col}</arg>
</arguments>
<assign>
<var>${m}</var>
</assign>
<msg level="INFO" timestamp="20150910 23:09:38.308">${m} = X</msg>
<status endtime="20150910 23:09:38.308" starttime="20150910 23:09:38.292" status="PASS"></status>
</kw>
<kw library="BuiltIn" name="Should Be Equal">
<doc>Fails if the given objects are unequal.</doc>
<arguments>
<arg>${m}</arg>
<arg>${mark}</arg>
</arguments>
<status endtime="20150910 23:09:38.324" starttime="20150910 23:09:38.308" status="PASS"></status>
</kw>
<status endtime="20150910 23:09:38.324" starttime="20150910 23:09:38.286" status="PASS"></status>
</kw>
<kw library="TicTacToeKeywords" name="Mark Location">
<arguments>
<arg>0</arg>
<arg>2</arg>
</arguments>
<status endtime="20150910 23:09:38.339" starttime="20150910 23:09:38.339" status="PASS"></status>
</kw>
<kw name="Check Location">
<arguments>
<arg>0</arg>
<arg>2</arg>
<arg>O</arg>
</arguments>
<kw library="TicTacToeKeywords" name="Get Mark">
<arguments>
<arg>${row}</arg>
<arg>${col}</arg>
</arguments>
<assign>
<var>${m}</var>
</assign>
<msg level="INFO" timestamp="20150910 23:09:38.355">${m} = O</msg>
<status endtime="20150910 23:09:38.355" starttime="20150910 23:09:38.339" status="PASS"></status>
</kw>
<kw library="BuiltIn" name="Should Be Equal">
<doc>Fails if the given objects are unequal.</doc>
<arguments>
<arg>${m}</arg>
<arg>${mark}</arg>
</arguments>
<status endtime="20150910 23:09:38.370" starttime="20150910 23:09:38.355" status="PASS"></status>
</kw>
<status endtime="20150910 23:09:38.370" starttime="20150910 23:09:38.339" status="PASS"></status>
</kw>
<kw library="TicTacToeKeywords" name="Mark Location">
<arguments>
<arg>2</arg>
<arg>2</arg>
</arguments>
<status endtime="20150910 23:09:38.370" starttime="20150910 23:09:38.370" status="PASS"></status>
</kw>
<kw name="Check Location">
<arguments>
<arg>2</arg>
<arg>2</arg>
<arg>X</arg>
</arguments>
<kw library="TicTacToeKeywords" name="Get Mark">
<arguments>
<arg>${row}</arg>
<arg>${col}</arg>
</arguments>
<assign>
<var>${m}</var>
</assign>
<msg level="INFO" timestamp="20150910 23:09:38.386">${m} = X</msg>
<status endtime="20150910 23:09:38.386" starttime="20150910 23:09:38.386" status="PASS"></status>
</kw>
<kw library="BuiltIn" name="Should Be Equal">
<doc>Fails if the given objects are unequal.</doc>
<arguments>
<arg>${m}</arg>
<arg>${mark}</arg>
</arguments>
<status endtime="20150910 23:09:38.402" starttime="20150910 23:09:38.386" status="PASS"></status>
</kw>
<status endtime="20150910 23:09:38.417" starttime="20150910 23:09:38.370" status="PASS"></status>
</kw>
<kw name="Winner Should Be">
<arguments>
<arg>X</arg>
</arguments>
<kw library="TicTacToeKeywords" name="Get Winner">
<assign>
<var>${m}</var>
</assign>
<msg level="INFO" timestamp="20150910 23:09:38.433">Player X won diagonally.</msg>
<msg level="INFO" timestamp="20150910 23:09:38.433">${m} = X</msg>
<status endtime="20150910 23:09:38.433" starttime="20150910 23:09:38.433" status="PASS"></status>
</kw>
<kw library="BuiltIn" name="Should Be Equal">
<doc>Fails if the given objects are unequal.</doc>
<arguments>
<arg>${m}</arg>
<arg>${mark}</arg>
</arguments>
<status endtime="20150910 23:09:38.449" starttime="20150910 23:09:38.449" status="PASS"></status>
</kw>
<status endtime="20150910 23:09:38.449" starttime="20150910 23:09:38.417" status="PASS"></status>
</kw>
<status critical="yes" endtime="20150910 23:09:38.449" starttime="20150910 23:09:38.116" status="PASS"></status>
</test>
<test name="Win Horizontally as O" id="s1-t2">
<kw library="TicTacToeKeywords" name="Start New Game">
<status endtime="20150910 23:09:38.480" starttime="20150910 23:09:38.464" status="PASS"></status>
</kw>
<kw library="TicTacToeKeywords" name="Mark Location">
<arguments>
<arg>1</arg>
<arg>1</arg>
</arguments>
<status endtime="20150910 23:09:38.480" starttime="20150910 23:09:38.480" status="PASS"></status>
</kw>
<kw name="Check Location">
<arguments>
<arg>1</arg>
<arg>1</arg>
<arg>X</arg>
</arguments>
<kw library="TicTacToeKeywords" name="Get Mark">
<arguments>
<arg>${row}</arg>
<arg>${col}</arg>
</arguments>
<assign>
<var>${m}</var>
</assign>
<msg level="INFO" timestamp="20150910 23:09:38.495">${m} = X</msg>
<status endtime="20150910 23:09:38.495" starttime="20150910 23:09:38.495" status="PASS"></status>
</kw>
<kw library="BuiltIn" name="Should Be Equal">
<doc>Fails if the given objects are unequal.</doc>
<arguments>
<arg>${m}</arg>
<arg>${mark}</arg>
</arguments>
<status endtime="20150910 23:09:38.511" starttime="20150910 23:09:38.511" status="PASS"></status>
</kw>
<status endtime="20150910 23:09:38.511" starttime="20150910 23:09:38.480" status="PASS"></status>
</kw>
<kw library="TicTacToeKeywords" name="Mark Location">
<arguments>
<arg>2</arg>
<arg>0</arg>
</arguments>
<status endtime="20150910 23:09:38.527" starttime="20150910 23:09:38.511" status="PASS"></status>
</kw>
<kw name="Check Location">
<arguments>
<arg>2</arg>
<arg>0</arg>
<arg>O</arg>
</arguments>
<kw library="TicTacToeKeywords" name="Get Mark">
<arguments>
<arg>${row}</arg>
<arg>${col}</arg>
</arguments>
<assign>
<var>${m}</var>
</assign>
<msg level="INFO" timestamp="20150910 23:09:38.542">${m} = O</msg>
<status endtime="20150910 23:09:38.542" starttime="20150910 23:09:38.542" status="PASS"></status>
</kw>
<kw library="BuiltIn" name="Should Be Equal">
<doc>Fails if the given objects are unequal.</doc>
<arguments>
<arg>${m}</arg>
<arg>${mark}</arg>
</arguments>
<status endtime="20150910 23:09:38.558" starttime="20150910 23:09:38.558" status="PASS"></status>
</kw>
<status endtime="20150910 23:09:38.574" starttime="20150910 23:09:38.527" status="PASS"></status>
</kw>
<kw library="TicTacToeKeywords" name="Mark Location">
<arguments>
<arg>0</arg>
<arg>0</arg>
</arguments>
<status endtime="20150910 23:09:38.574" starttime="20150910 23:09:38.574" status="PASS"></status>
</kw>
<kw name="Check Location">
<arguments>
<arg>0</arg>
<arg>0</arg>
<arg>X</arg>
</arguments>
<kw library="TicTacToeKeywords" name="Get Mark">
<arguments>
<arg>${row}</arg>
<arg>${col}</arg>
</arguments>
<assign>
<var>${m}</var>
</assign>
<msg level="INFO" timestamp="20150910 23:09:38.589">${m} = X</msg>
<status endtime="20150910 23:09:38.589" starttime="20150910 23:09:38.589" status="PASS"></status>
</kw>
<kw library="BuiltIn" name="Should Be Equal">
<doc>Fails if the given objects are unequal.</doc>
<arguments>
<arg>${m}</arg>
<arg>${mark}</arg>
</arguments>
<status endtime="20150910 23:09:38.605" starttime="20150910 23:09:38.589" status="PASS"></status>
</kw>
<status endtime="20150910 23:09:38.605" starttime="20150910 23:09:38.574" status="PASS"></status>
</kw>
<kw library="TicTacToeKeywords" name="Mark Location">
<arguments>
<arg>2</arg>
<arg>2</arg>
</arguments>
<status endtime="20150910 23:09:38.620" starttime="20150910 23:09:38.605" status="PASS"></status>
</kw>
<kw name="Check Location">
<arguments>
<arg>2</arg>
<arg>2</arg>
<arg>O</arg>
</arguments>
<kw library="TicTacToeKeywords" name="Get Mark">
<arguments>
<arg>${row}</arg>
<arg>${col}</arg>
</arguments>
<assign>
<var>${m}</var>
</assign>
<msg level="INFO" timestamp="20150910 23:09:38.652">${m} = O</msg>
<status endtime="20150910 23:09:38.652" starttime="20150910 23:09:38.652" status="PASS"></status>
</kw>
<kw library="BuiltIn" name="Should Be Equal">
<doc>Fails if the given objects are unequal.</doc>
<arguments>
<arg>${m}</arg>
<arg>${mark}</arg>
</arguments>
<status endtime="20150910 23:09:38.667" starttime="20150910 23:09:38.667" status="PASS"></status>
</kw>
<status endtime="20150910 23:09:38.667" starttime="20150910 23:09:38.636" status="PASS"></status>
</kw>
<kw library="TicTacToeKeywords" name="Mark Location">
<arguments>
<arg>0</arg>
<arg>2</arg>
</arguments>
<status endtime="20150910 23:09:38.683" starttime="20150910 23:09:38.667" status="PASS"></status>
</kw>
<kw name="Check Location">
<arguments>
<arg>0</arg>
<arg>2</arg>
<arg>X</arg>
</arguments>
<kw library="TicTacToeKeywords" name="Get Mark">
<arguments>
<arg>${row}</arg>
<arg>${col}</arg>
</arguments>
<assign>
<var>${m}</var>
</assign>
<msg level="INFO" timestamp="20150910 23:09:38.699">${m} = X</msg>
<status endtime="20150910 23:09:38.699" starttime="20150910 23:09:38.683" status="PASS"></status>
</kw>
<kw library="BuiltIn" name="Should Be Equal">
<doc>Fails if the given objects are unequal.</doc>
<arguments>
<arg>${m}</arg>
<arg>${mark}</arg>
</arguments>
<status endtime="20150910 23:09:38.714" starttime="20150910 23:09:38.699" status="PASS"></status>
</kw>
<status endtime="20150910 23:09:38.714" starttime="20150910 23:09:38.683" status="PASS"></status>
</kw>
<kw library="TicTacToeKeywords" name="Mark Location">
<arguments>
<arg>2</arg>
<arg>1</arg>
</arguments>
<status endtime="20150910 23:09:38.714" starttime="20150910 23:09:38.714" status="PASS"></status>
</kw>
<kw name="Check Location">
<arguments>
<arg>2</arg>
<arg>1</arg>
<arg>O</arg>
</arguments>
<kw library="TicTacToeKeywords" name="Get Mark">
<arguments>
<arg>${row}</arg>
<arg>${col}</arg>
</arguments>
<assign>
<var>${m}</var>
</assign>
<msg level="INFO" timestamp="20150910 23:09:38.730">${m} = O</msg>
<status endtime="20150910 23:09:38.730" starttime="20150910 23:09:38.730" status="PASS"></status>
</kw>
<kw library="BuiltIn" name="Should Be Equal">
<doc>Fails if the given objects are unequal.</doc>
<arguments>
<arg>${m}</arg>
<arg>${mark}</arg>
</arguments>
<status endtime="20150910 23:09:38.745" starttime="20150910 23:09:38.730" status="PASS"></status>
</kw>
<status endtime="20150910 23:09:38.745" starttime="20150910 23:09:38.714" status="PASS"></status>
</kw>
<kw name="Winner Should Be">
<arguments>
<arg>O</arg>
</arguments>
<kw library="TicTacToeKeywords" name="Get Winner">
<assign>
<var>${m}</var>
</assign>
<msg level="INFO" timestamp="20150910 23:09:38.761">Player O won horizontally.</msg>
<msg level="INFO" timestamp="20150910 23:09:38.761">${m} = O</msg>
<status endtime="20150910 23:09:38.761" starttime="20150910 23:09:38.761" status="PASS"></status>
</kw>
<kw library="BuiltIn" name="Should Be Equal">
<doc>Fails if the given objects are unequal.</doc>
<arguments>
<arg>${m}</arg>
<arg>${mark}</arg>
</arguments>
<status endtime="20150910 23:09:38.777" starttime="20150910 23:09:38.761" status="PASS"></status>
</kw>
<status endtime="20150910 23:09:38.777" starttime="20150910 23:09:38.745" status="PASS"></status>
</kw>
<status critical="yes" endtime="20150910 23:09:38.777" starttime="20150910 23:09:38.464" status="PASS"></status>
</test>
<test name="Force a Tie" id="s1-t3">
<kw library="TicTacToeKeywords" name="Start New Game">
<status endtime="20150910 23:09:38.792" starttime="20150910 23:09:38.792" status="PASS"></status>
</kw>
<kw library="TicTacToeKeywords" name="Mark Location">
<arguments>
<arg>1</arg>
<arg>1</arg>
</arguments>
<status endtime="20150910 23:09:38.792" starttime="20150910 23:09:38.792" status="PASS"></status>
</kw>
<kw name="Check Location">
<arguments>
<arg>1</arg>
<arg>1</arg>
<arg>X</arg>
</arguments>
<kw library="TicTacToeKeywords" name="Get Mark">
<arguments>
<arg>${row}</arg>
<arg>${col}</arg>
</arguments>
<assign>
<var>${m}</var>
</assign>
<msg level="INFO" timestamp="20150910 23:09:38.808">${m} = X</msg>
<status endtime="20150910 23:09:38.808" starttime="20150910 23:09:38.808" status="PASS"></status>
</kw>
<kw library="BuiltIn" name="Should Be Equal">
<doc>Fails if the given objects are unequal.</doc>
<arguments>
<arg>${m}</arg>
<arg>${mark}</arg>
</arguments>
<status endtime="20150910 23:09:38.824" starttime="20150910 23:09:38.808" status="PASS"></status>
</kw>
<status endtime="20150910 23:09:38.824" starttime="20150910 23:09:38.792" status="PASS"></status>
</kw>
<kw library="TicTacToeKeywords" name="Mark Location">
<arguments>
<arg>0</arg>
<arg>0</arg>
</arguments>
<status endtime="20150910 23:09:38.839" starttime="20150910 23:09:38.824" status="PASS"></status>
</kw>
<kw name="Check Location">
<arguments>
<arg>0</arg>
<arg>0</arg>
<arg>O</arg>
</arguments>
<kw library="TicTacToeKeywords" name="Get Mark">
<arguments>
<arg>${row}</arg>
<arg>${col}</arg>
</arguments>
<assign>
<var>${m}</var>
</assign>
<msg level="INFO" timestamp="20150910 23:09:38.855">${m} = O</msg>
<status endtime="20150910 23:09:38.855" starttime="20150910 23:09:38.839" status="PASS"></status>
</kw>
<kw library="BuiltIn" name="Should Be Equal">
<doc>Fails if the given objects are unequal.</doc>
<arguments>
<arg>${m}</arg>
<arg>${mark}</arg>
</arguments>
<status endtime="20150910 23:09:38.855" starttime="20150910 23:09:38.855" status="PASS"></status>
</kw>
<status endtime="20150910 23:09:38.855" starttime="20150910 23:09:38.839" status="PASS"></status>
</kw>
<kw library="TicTacToeKeywords" name="Mark Location">
<arguments>
<arg>2</arg>
<arg>0</arg>
</arguments>
<status endtime="20150910 23:09:38.870" starttime="20150910 23:09:38.870" status="PASS"></status>
</kw>
<kw name="Check Location">
<arguments>
<arg>2</arg>
<arg>0</arg>
<arg>X</arg>
</arguments>
<kw library="TicTacToeKeywords" name="Get Mark">
<arguments>
<arg>${row}</arg>
<arg>${col}</arg>
</arguments>
<assign>
<var>${m}</var>
</assign>
<msg level="INFO" timestamp="20150910 23:09:38.886">${m} = X</msg>
<status endtime="20150910 23:09:38.886" starttime="20150910 23:09:38.886" status="PASS"></status>
</kw>
<kw library="BuiltIn" name="Should Be Equal">
<doc>Fails if the given objects are unequal.</doc>
<arguments>
<arg>${m}</arg>
<arg>${mark}</arg>
</arguments>
<status endtime="20150910 23:09:38.902" starttime="20150910 23:09:38.886" status="PASS"></status>
</kw>
<status endtime="20150910 23:09:38.902" starttime="20150910 23:09:38.870" status="PASS"></status>
</kw>
<kw library="TicTacToeKeywords" name="Mark Location">
<arguments>
<arg>0</arg>
<arg>2</arg>
</arguments>
<status endtime="20150910 23:09:38.902" starttime="20150910 23:09:38.902" status="PASS"></status>
</kw>
<kw name="Check Location">
<arguments>
<arg>0</arg>
<arg>2</arg>
<arg>O</arg>
</arguments>
<kw library="TicTacToeKeywords" name="Get Mark">
<arguments>
<arg>${row}</arg>
<arg>${col}</arg>
</arguments>
<assign>
<var>${m}</var>
</assign>
<msg level="INFO" timestamp="20150910 23:09:38.917">${m} = O</msg>
<status endtime="20150910 23:09:38.917" starttime="20150910 23:09:38.917" status="PASS"></status>
</kw>
<kw library="BuiltIn" name="Should Be Equal">
<doc>Fails if the given objects are unequal.</doc>
<arguments>
<arg>${m}</arg>
<arg>${mark}</arg>
</arguments>
<status endtime="20150910 23:09:38.933" starttime="20150910 23:09:38.933" status="PASS"></status>
</kw>
<status endtime="20150910 23:09:38.933" starttime="20150910 23:09:38.902" status="PASS"></status>
</kw>
<kw library="TicTacToeKeywords" name="Mark Location">
<arguments>
<arg>0</arg>
<arg>1</arg>
</arguments>
<status endtime="20150910 23:09:38.964" starttime="20150910 23:09:38.964" status="PASS"></status>
</kw>
<kw name="Check Location">
<arguments>
<arg>0</arg>
<arg>1</arg>
<arg>X</arg>
</arguments>
<kw library="TicTacToeKeywords" name="Get Mark">
<arguments>
<arg>${row}</arg>
<arg>${col}</arg>
</arguments>
<assign>
<var>${m}</var>
</assign>
<msg level="INFO" timestamp="20150910 23:09:38.980">${m} = X</msg>
<status endtime="20150910 23:09:38.980" starttime="20150910 23:09:38.980" status="PASS"></status>
</kw>
<kw library="BuiltIn" name="Should Be Equal">
<doc>Fails if the given objects are unequal.</doc>
<arguments>
<arg>${m}</arg>
<arg>${mark}</arg>
</arguments>
<status endtime="20150910 23:09:38.995" starttime="20150910 23:09:38.995" status="PASS"></status>
</kw>
<status endtime="20150910 23:09:38.995" starttime="20150910 23:09:38.964" status="PASS"></status>
</kw>
<kw library="TicTacToeKeywords" name="Mark Location">
<arguments>
<arg>2</arg>
<arg>1</arg>
</arguments>
<status endtime="20150910 23:09:39.011" starttime="20150910 23:09:38.995" status="PASS"></status>
</kw>
<kw name="Check Location">
<arguments>
<arg>2</arg>
<arg>1</arg>
<arg>O</arg>
</arguments>
<kw library="TicTacToeKeywords" name="Get Mark">
<arguments>
<arg>${row}</arg>
<arg>${col}</arg>
</arguments>
<assign>
<var>${m}</var>
</assign>
<msg level="INFO" timestamp="20150910 23:09:39.027">${m} = O</msg>
<status endtime="20150910 23:09:39.027" starttime="20150910 23:09:39.011" status="PASS"></status>
</kw>
<kw library="BuiltIn" name="Should Be Equal">
<doc>Fails if the given objects are unequal.</doc>
<arguments>
<arg>${m}</arg>
<arg>${mark}</arg>
</arguments>
<status endtime="20150910 23:09:39.027" starttime="20150910 23:09:39.027" status="PASS"></status>
</kw>
<status endtime="20150910 23:09:39.027" starttime="20150910 23:09:39.011" status="PASS"></status>
</kw>
<kw library="TicTacToeKeywords" name="Mark Location">
<arguments>
<arg>1</arg>
<arg>2</arg>
</arguments>
<status endtime="20150910 23:09:39.042" starttime="20150910 23:09:39.027" status="PASS"></status>
</kw>
<kw name="Check Location">
<arguments>
<arg>1</arg>
<arg>2</arg>
<arg>X</arg>
</arguments>
<kw library="TicTacToeKeywords" name="Get Mark">
<arguments>
<arg>${row}</arg>
<arg>${col}</arg>
</arguments>
<assign>
<var>${m}</var>
</assign>
<msg level="INFO" timestamp="20150910 23:09:39.058">${m} = X</msg>
<status endtime="20150910 23:09:39.058" starttime="20150910 23:09:39.042" status="PASS"></status>
</kw>
<kw library="BuiltIn" name="Should Be Equal">
<doc>Fails if the given objects are unequal.</doc>
<arguments>
<arg>${m}</arg>
<arg>${mark}</arg>
</arguments>
<status endtime="20150910 23:09:39.058" starttime="20150910 23:09:39.058" status="PASS"></status>
</kw>
<status endtime="20150910 23:09:39.058" starttime="20150910 23:09:39.042" status="PASS"></status>
</kw>
<kw library="TicTacToeKeywords" name="Mark Location">
<arguments>
<arg>1</arg>
<arg>0</arg>
</arguments>
<status endtime="20150910 23:09:39.136" starttime="20150910 23:09:39.120" status="PASS"></status>
</kw>
<kw name="Check Location">
<arguments>
<arg>1</arg>
<arg>0</arg>
<arg>O</arg>
</arguments>
<kw library="TicTacToeKeywords" name="Get Mark">
<arguments>
<arg>${row}</arg>
<arg>${col}</arg>
</arguments>
<assign>
<var>${m}</var>
</assign>
<msg level="INFO" timestamp="20150910 23:09:39.167">${m} = O</msg>
<status endtime="20150910 23:09:39.167" starttime="20150910 23:09:39.152" status="PASS"></status>
</kw>
<kw library="BuiltIn" name="Should Be Equal">
<doc>Fails if the given objects are unequal.</doc>
<arguments>
<arg>${m}</arg>
<arg>${mark}</arg>
</arguments>
<status endtime="20150910 23:09:39.167" starttime="20150910 23:09:39.167" status="PASS"></status>
</kw>
<status endtime="20150910 23:09:39.167" starttime="20150910 23:09:39.152" status="PASS"></status>
</kw>
<kw library="TicTacToeKeywords" name="Mark Location">
<arguments>
<arg>2</arg>
<arg>2</arg>
</arguments>
<status endtime="20150910 23:09:39.183" starttime="20150910 23:09:39.183" status="PASS"></status>
</kw>
<kw name="Check Location">
<arguments>
<arg>2</arg>
<arg>2</arg>
<arg>X</arg>
</arguments>
<kw library="TicTacToeKeywords" name="Get Mark">
<arguments>
<arg>${row}</arg>
<arg>${col}</arg>
</arguments>
<assign>
<var>${m}</var>
</assign>
<msg level="INFO" timestamp="20150910 23:09:39.199">${m} = X</msg>
<status endtime="20150910 23:09:39.199" starttime="20150910 23:09:39.183" status="PASS"></status>
</kw>
<kw library="BuiltIn" name="Should Be Equal">
<doc>Fails if the given objects are unequal.</doc>
<arguments>
<arg>${m}</arg>
<arg>${mark}</arg>
</arguments>
<status endtime="20150910 23:09:39.214" starttime="20150910 23:09:39.199" status="PASS"></status>
</kw>
<status endtime="20150910 23:09:39.214" starttime="20150910 23:09:39.183" status="PASS"></status>
</kw>
<kw name="Winner Should Be">
<arguments>
<arg>TIE</arg>
</arguments>
<kw library="TicTacToeKeywords" name="Get Winner">
<assign>
<var>${m}</var>
</assign>
<msg level="INFO" timestamp="20150910 23:09:39.214">It is a Tie.</msg>
<msg level="INFO" timestamp="20150910 23:09:39.230">${m} = TIE</msg>
<status endtime="20150910 23:09:39.230" starttime="20150910 23:09:39.214" status="PASS"></status>
</kw>
<kw library="BuiltIn" name="Should Be Equal">
<doc>Fails if the given objects are unequal.</doc>
<arguments>
<arg>${m}</arg>
<arg>${mark}</arg>
</arguments>
<status endtime="20150910 23:09:39.230" starttime="20150910 23:09:39.230" status="PASS"></status>
</kw>
<status endtime="20150910 23:09:39.245" starttime="20150910 23:09:39.214" status="PASS"></status>
</kw>
<status critical="yes" endtime="20150910 23:09:39.245" starttime="20150910 23:09:38.777" status="PASS"></status>
</test>
<status endtime="20150910 23:09:39.245" starttime="20150910 23:09:37.411" status="PASS"></status>
</suite>
<statistics>
<total>
<stat pass="3" fail="0">Critical Tests</stat>
<stat pass="3" fail="0">All Tests</stat>
</total>
<tag>
</tag>
<suite>
<stat pass="3" fail="0" name="TicTacToeTests" id="s1">TicTacToeTests</stat>
</suite>
</statistics>
<errors>
</errors>
</robot>
